Aug 2023
pricesList: [0.0, 0.0, 0.0, 0.0, 0.0, 0.0, 0.0, 0.0, 0.0, 0.0]
Pass for: Aug 2023 because Displayed Grand Total is--> 0.0 and Actual Grand Total sum is--> 0.0 are equal 
Sep 2023
pricesList: [0.0, 0.0, 0.0, 0.0, 0.0, 0.0, 0.0, 0.0, 0.0, 0.0]
Pass for: Sep 2023 because Displayed Grand Total is--> 0.0 and Actual Grand Total sum is--> 0.0 are equal 
Oct 2023
pricesList: [61.52, 57.74, 0.0, 117.6, 74.82, 62.89, 232.84, 174.3, 57.36, 207.95]
Fail for: Oct 2023 because Displayed Grand Total is--> 15563.04 and Actual Grand Total sum is--> 1047.02 are not equal 
Nov 2023
pricesList: [42.24, 66.32, 0.0, 53.83, 54.76, 116.63, 147.31, 150.93, 36.15, 103.24]
Fail for: Nov 2023 because Displayed Grand Total is--> 17658.08 and Actual Grand Total sum is--> 771.41 are not equal 
Dec 2023
pricesList: [165.86, 128.99, 0.0, 111.52, 219.42, 654.89, 65.85, 239.06, 260.04, 426.79]
Fail for: Dec 2023 because Displayed Grand Total is--> 28508.62 and Actual Grand Total sum is--> 2272.4199999999996 are not equal 
Jan 2024
pricesList: [117.5, 61.97, 230.59, 139.12, 32.99, 344.16, 657.53, 137.02, 110.4, 279.94]
Fail for: Jan 2024 because Displayed Grand Total is--> 28332.95 and Actual Grand Total sum is--> 2111.2200000000003 are not equal 
Feb 2024
pricesList: [0.0, 12.49, 6.38, 17.12, 0.0, 13.16, 133.69, 10.76, 26.15, 0.0]
Fail for: Feb 2024 because Displayed Grand Total is--> 2839.4 and Actual Grand Total sum is--> 219.75 are not equal 

